<?xml version="1.0" encoding="UTF-8"?>
<testsuite name="ProductFactoryTest" tests="2" skipped="0" failures="0" errors="0" timestamp="2021-02-12T11:35:10" hostname="DESKTOP-RU734QP" time="0.03">
  <properties/>
  <testcase name="getFuturesProduct" classname="ProductFactoryTest" time="0.028"/>
  <testcase name="getStockProduct" classname="ProductFactoryTest" time="0.001"/>
  <system-out><![CDATA[]]></system-out>
  <system-err><![CDATA[]]></system-err>
</testsuite>
